<?xml version="1.0" encoding="UTF-8"?>
<!-- Generated by org.testng.reporters.JUnitXMLReporter -->
<testsuite ignored="6" hostname="KhagendraP-LP" failures="0" tests="1" name="Default test" time="305.022" errors="0" timestamp="2021-05-13T17:32:57 IST">
  <testcase classname="TestCases.ScopeVendorBrandedServicesWelcomeLetter" name="taskCompletionByProcurementUserISTrack" time="298.609"/>
  <testcase classname="TestCases.ScopeVendorBrandedServicesWelcomeLetter" name="validateOrder" time="0.0">
    <ignored/>
  </testcase> <!-- validateOrder -->
  <testcase classname="TestCases.ScopeVendorBrandedServicesWelcomeLetter" name="myWorkSearch" time="0.0">
    <ignored/>
  </testcase> <!-- myWorkSearch -->
  <testcase classname="TestCases.ScopeVendorBrandedServicesWelcomeLetter" name="taskCompletionODMUserISTrack" time="0.0">
    <ignored/>
  </testcase> <!-- taskCompletionODMUserISTrack -->
  <testcase classname="TestCases.ScopeVendorBrandedServicesWelcomeLetter" name="allWorkSearch" time="0.0">
    <ignored/>
  </testcase> <!-- allWorkSearch -->
  <testcase classname="TestCases.ScopeVendorBrandedServicesWelcomeLetter" name="newCaseGeneration" time="0.0">
    <ignored/>
  </testcase> <!-- newCaseGeneration -->
  <testcase classname="TestCases.ScopeVendorBrandedServicesWelcomeLetter" name="launchISTrack" time="0.0">
    <ignored/>
  </testcase> <!-- launchISTrack -->
</testsuite> <!-- Default test -->
