<?xml version="1.0" encoding="UTF-8"?>
<!-- Generated by org.testng.reporters.JUnitXMLReporter -->
<testsuite ignored="0" hostname="KhagendraP-LP" failures="1" tests="1" name="AfterClass" time="81.122" errors="0" timestamp="2021-04-08T15:19:22 IST">
  <testcase classname="themis.Util.AutoGenerateMail" name="GenerateMail" time="80.899">
    <failure type="com.sun.mail.smtp.SMTPSendFailedException" message="554 Mail from parminder.kaur@orange.com rejected for policy reasons.
">
      <![CDATA[com.sun.mail.smtp.SMTPSendFailedException: 554 Mail from parminder.kaur@orange.com rejected for policy reasons.

at com.sun.mail.smtp.SMTPTransport.issueSendCommand(SMTPTransport.java:2108)
at com.sun.mail.smtp.SMTPTransport.mailFrom(SMTPTransport.java:1609)
at com.sun.mail.smtp.SMTPTransport.sendMessage(SMTPTransport.java:1117)
at javax.mail.Transport.send0(Transport.java:195)
at javax.mail.Transport.send(Transport.java:124)
at themis.Util.AutoGenerateMail.GenerateMail(AutoGenerateMail.java:273)
at java.base/java.util.ArrayList.forEach(ArrayList.java:1511)
... Removed 27 stack frames]]>
    </failure>
  </testcase> <!-- GenerateMail -->
</testsuite> <!-- AfterClass -->
