<?xml version="1.0" encoding="UTF-8"?>
<!-- Generated by org.testng.reporters.JUnitXMLReporter -->
<testsuite ignored="0" hostname="KhagendraP-LP" failures="0" tests="2" name="Test2" time="1448.482" errors="0" timestamp="2021-04-08T14:01:35 IST">
  <testcase classname="TestCases_Production.GoldOrderPageProductionTestCase" name="clickOnOrdersLink" time="22.832"/>
  <testcase classname="TestCases_Production.GoldOrderPageProductionTestCase" name="createGoldOrder" time="1392.775"/>
</testsuite> <!-- Test2 -->
