<?xml version="1.0" encoding="UTF-8"?>
<!-- Generated by org.testng.reporters.JUnitXMLReporter -->
<testsuite ignored="0" hostname="KhagendraP-LP" failures="0" tests="7" name="Test3" time="2184.707" errors="0" timestamp="2021-04-08T15:18:01 IST">
  <testcase classname="TestCases_Production.ISTrackOrderProcessingProductionTestCase" name="newCaseGeneration" time="325.148"/>
  <testcase classname="TestCases_Production.ISTrackOrderProcessingProductionTestCase" name="checkManageStatusInGold" time="156.679"/>
  <testcase classname="TestCases_Production.ISTrackOrderProcessingProductionTestCase" name="taskCompletion" time="307.038"/>
  <testcase classname="TestCases_Production.ISTrackOrderProcessingProductionTestCase" name="taskCompletion1" time="996.95"/>
  <testcase classname="TestCases_Production.ISTrackOrderProcessingProductionTestCase" name="checkRFS_RFBAndSRTMessageCheck" time="150.98"/>
  <testcase classname="TestCases_Production.ISTrackOrderProcessingProductionTestCase" name="billingSupervisor" time="90.082"/>
  <testcase classname="TestCases_Production.ISTrackOrderProcessingProductionTestCase" name="checkGoldOrderAcceptanceStatus" time="117.255"/>
</testsuite> <!-- Test3 -->
