<?xml version="1.0" encoding="UTF-8"?>
<!-- Generated by org.testng.reporters.JUnitXMLReporter -->
<testsuite ignored="0" hostname="KhagendraP-LP" failures="0" tests="11" name="Test13" time="1336.969" errors="0" timestamp="2021-05-20T10:48:38 IST">
  <testcase classname="TestCases.MaintenancePlusOnsiteInterventionScopeProcessingAMTestCase" name="newCaseGenerationISTrack" time="251.498"/>
  <testcase classname="TestCases.MaintenancePlusOnsiteInterventionScopeProcessingAMTestCase" name="checkManageStatusInGold" time="158.319"/>
  <testcase classname="TestCases.MaintenancePlusOnsiteInterventionScopeProcessingAMTestCase" name="taskCompletionByProcurementUserISTrack" time="173.168"/>
  <testcase classname="TestCases.MaintenancePlusOnsiteInterventionScopeProcessingAMTestCase" name="samiSupervisorISTrack" time="69.384"/>
  <testcase classname="TestCases.MaintenancePlusOnsiteInterventionScopeProcessingAMTestCase" name="SamiUserISTrack" time="43.823"/>
  <testcase classname="TestCases.MaintenancePlusOnsiteInterventionScopeProcessingAMTestCase" name="pocmSupervisorISTrack" time="73.694"/>
  <testcase classname="TestCases.MaintenancePlusOnsiteInterventionScopeProcessingAMTestCase" name="pocmUserISTrack" time="34.039"/>
  <testcase classname="TestCases.MaintenancePlusOnsiteInterventionScopeProcessingAMTestCase" name="acceptanceISByODMUser" time="144.013"/>
  <testcase classname="TestCases.MaintenancePlusOnsiteInterventionScopeProcessingAMTestCase" name="checkRFS_RFBInGold" time="139.475"/>
  <testcase classname="TestCases.MaintenancePlusOnsiteInterventionScopeProcessingAMTestCase" name="billingSupervisorISTrack" time="75.823"/>
  <testcase classname="TestCases.MaintenancePlusOnsiteInterventionScopeProcessingAMTestCase" name="checkGoldOrderAcceptanceStatus" time="107.666"/>
</testsuite> <!-- Test13 -->
