<?xml version="1.0" encoding="UTF-8"?>
<!-- Generated by org.testng.reporters.JUnitXMLReporter -->
<testsuite ignored="0" hostname="KhagendraP-LP" failures="0" tests="5" name="Test8" time="1236.616" errors="0" timestamp="2021-05-11T17:57:17 IST">
  <testcase classname="TestCases.ISTrackEAMManagedWithoutCheckBoxAMTestCase" name="@AfterClass AutomaticReport" time="86.09">
    <failure type="com.sun.mail.smtp.SMTPSendFailedException" message="554 Mail from parminder.kaur@orange.com rejected for policy reasons.
">
      <![CDATA[com.sun.mail.smtp.SMTPSendFailedException: 554 Mail from parminder.kaur@orange.com rejected for policy reasons.

at com.sun.mail.smtp.SMTPTransport.issueSendCommand(SMTPTransport.java:2108)
at com.sun.mail.smtp.SMTPTransport.mailFrom(SMTPTransport.java:1609)
at com.sun.mail.smtp.SMTPTransport.sendMessage(SMTPTransport.java:1117)
at javax.mail.Transport.send0(Transport.java:195)
at javax.mail.Transport.send(Transport.java:124)
at themis.Util.AutoGenerateMail.GenerateMail(AutoGenerateMail.java:273)
at TestCases.ISTrackEAMManagedWithoutCheckBoxAMTestCase.AutomaticReport(ISTrackEAMManagedWithoutCheckBoxAMTestCase.java:75)
at java.base/java.util.ArrayList.forEach(ArrayList.java:1511)
... Removed 25 stack frames]]>
    </failure>
  </testcase> <!-- @AfterClass AutomaticReport -->
  <testcase classname="TestCases.ISTrackEAMManagedWithoutCheckBoxAMTestCase" name="newCaseGeneration" time="292.893"/>
  <testcase classname="TestCases.ISTrackEAMManagedWithoutCheckBoxAMTestCase" name="taskCompletionByProcurementUser" time="531.927"/>
  <testcase classname="TestCases.ISTrackEAMManagedWithoutCheckBoxAMTestCase" name="pocmSupervisor" time="76.485"/>
  <testcase classname="TestCases.ISTrackEAMManagedWithoutCheckBoxAMTestCase" name="pocmUser1" time="40.969"/>
  <testcase classname="TestCases.ISTrackEAMManagedWithoutCheckBoxAMTestCase" name="acceptanceIS" time="180.032"/>
</testsuite> <!-- Test8 -->
