<?xml version="1.0" encoding="UTF-8"?>
<!-- Generated by org.testng.reporters.JUnitXMLReporter -->
<testsuite hostname="EQ-EQ6330754" ignored="0" name="Test4" tests="9" failures="0" timestamp="28 Sep 2020 10:31:27 GMT" time="1285.494" errors="0">
  <testcase name="newCaseGeneration" time="194.793" classname="TestCases_Production.ISTrackVendorBrandedServiceOrderProcessingProductionTestCase"/>
  <testcase name="checkManageStatusInGold" time="156.469" classname="TestCases_Production.ISTrackVendorBrandedServiceOrderProcessingProductionTestCase"/>
  <testcase name="taskCompletion" time="148.586" classname="TestCases_Production.ISTrackVendorBrandedServiceOrderProcessingProductionTestCase"/>
  <testcase name="acceptanceERS" time="184.776" classname="TestCases_Production.ISTrackVendorBrandedServiceOrderProcessingProductionTestCase"/>
  <testcase name="checkRFS_RFBInGold" time="179.746" classname="TestCases_Production.ISTrackVendorBrandedServiceOrderProcessingProductionTestCase"/>
  <testcase name="billingSupervisor" time="65.126" classname="TestCases_Production.ISTrackVendorBrandedServiceOrderProcessingProductionTestCase"/>
  <testcase name="billingUser1" time="45.164" classname="TestCases_Production.ISTrackVendorBrandedServiceOrderProcessingProductionTestCase"/>
  <testcase name="checkCompletedTasks" time="42.114" classname="TestCases_Production.ISTrackVendorBrandedServiceOrderProcessingProductionTestCase"/>
  <testcase name="checkGoldOrderAcceptanceStatus" time="127.862" classname="TestCases_Production.ISTrackVendorBrandedServiceOrderProcessingProductionTestCase"/>
</testsuite> <!-- Test4 -->
