<?xml version="1.0" encoding="UTF-8"?>
<!-- Generated by org.testng.reporters.JUnitXMLReporter -->
<testsuite ignored="0" hostname="KhagendraP-LP" failures="0" tests="7" name="Test12" time="1133.633" errors="0" timestamp="2021-05-20T10:05:03 IST">
  <testcase classname="TestCases.ISTrackVendorBrandedServiceOrderProcessingAMTestCase" name="newCaseGenerationISTrack" time="246.516"/>
  <testcase classname="TestCases.ISTrackVendorBrandedServiceOrderProcessingAMTestCase" name="checkManageStatusInGold" time="156.521"/>
  <testcase classname="TestCases.ISTrackVendorBrandedServiceOrderProcessingAMTestCase" name="taskCompletionByProcurementUserISTrack" time="167.424"/>
  <testcase classname="TestCases.ISTrackVendorBrandedServiceOrderProcessingAMTestCase" name="acceptanceERSByODMUser" time="199.887"/>
  <testcase classname="TestCases.ISTrackVendorBrandedServiceOrderProcessingAMTestCase" name="checkRFS_RFBInGold" time="135.55"/>
  <testcase classname="TestCases.ISTrackVendorBrandedServiceOrderProcessingAMTestCase" name="billingSupervisor" time="74.229"/>
  <testcase classname="TestCases.ISTrackVendorBrandedServiceOrderProcessingAMTestCase" name="checkGoldOrderAcceptanceStatus" time="110.828"/>
</testsuite> <!-- Test12 -->
