<?xml version="1.0" encoding="UTF-8"?>
<!-- Generated by org.testng.reporters.JUnitXMLReporter -->
<testsuite ignored="0" hostname="KhagendraP-LP" failures="0" tests="7" name="Test2" time="1764.146" errors="0" timestamp="2021-05-11T19:05:22 IST">
  <testcase classname="TestCases.ISTrackERSDirectPlusVBSOrderProcessingAMTestCase" name="newCaseGenerationISTrack" time="261.852"/>
  <testcase classname="TestCases.ISTrackERSDirectPlusVBSOrderProcessingAMTestCase" name="checkManageStatusInGold" time="156.005"/>
  <testcase classname="TestCases.ISTrackERSDirectPlusVBSOrderProcessingAMTestCase" name="taskCompletionByProcurementUser" time="782.764"/>
  <testcase classname="TestCases.ISTrackERSDirectPlusVBSOrderProcessingAMTestCase" name="acceptanceERSByODMUser" time="193.184"/>
  <testcase classname="TestCases.ISTrackERSDirectPlusVBSOrderProcessingAMTestCase" name="checkRFS_RFB" time="140.019"/>
  <testcase classname="TestCases.ISTrackERSDirectPlusVBSOrderProcessingAMTestCase" name="billingSupervisor" time="80.764"/>
  <testcase classname="TestCases.ISTrackERSDirectPlusVBSOrderProcessingAMTestCase" name="checkGoldOrderAcceptanceStatus" time="109.914"/>
</testsuite> <!-- Test2 -->
