<?xml version="1.0" encoding="UTF-8"?>
<!-- Generated by org.testng.reporters.JUnitXMLReporter -->
<testsuite ignored="0" hostname="KhagendraP-LP" failures="0" tests="7" name="Test5" time="1721.885" errors="0" timestamp="2021-04-21T10:15:07 IST">
  <testcase classname="TestCases.ISTrackERSDirectOrderProcessingAMTestCase" name="newCaseGeneration" time="274.567"/>
  <testcase classname="TestCases.ISTrackERSDirectOrderProcessingAMTestCase" name="checkManageStatusInGold" time="156.036"/>
  <testcase classname="TestCases.ISTrackERSDirectOrderProcessingAMTestCase" name="taskCompletion" time="706.975"/>
  <testcase classname="TestCases.ISTrackERSDirectOrderProcessingAMTestCase" name="acceptanceERS" time="215.725"/>
  <testcase classname="TestCases.ISTrackERSDirectOrderProcessingAMTestCase" name="checkRFS_RFB" time="140.895"/>
  <testcase classname="TestCases.ISTrackERSDirectOrderProcessingAMTestCase" name="billingSupervisor" time="78.742"/>
  <testcase classname="TestCases.ISTrackERSDirectOrderProcessingAMTestCase" name="checkGoldOrderAcceptanceStatus" time="108.813"/>
</testsuite> <!-- Test5 -->
