<?xml version="1.0" encoding="UTF-8"?>
<!-- Generated by org.testng.reporters.JUnitXMLReporter -->
<testsuite ignored="0" hostname="KhagendraP-LP" failures="0" tests="7" name="Test11" time="1002.747" errors="0" timestamp="2021-05-19T18:38:45 IST">
  <testcase classname="TestCases.ISTrackOnsiteInterventionProcessingAMTestCase" name="newCaseGenerationISTrack" time="246.014"/>
  <testcase classname="TestCases.ISTrackOnsiteInterventionProcessingAMTestCase" name="checkManageStatusInGold" time="159.047"/>
  <testcase classname="TestCases.ISTrackOnsiteInterventionProcessingAMTestCase" name="taskCompletionByProcurementUserISTrack" time="81.649"/>
  <testcase classname="TestCases.ISTrackOnsiteInterventionProcessingAMTestCase" name="acceptanceISByOdmUserISTrack" time="143.887"/>
  <testcase classname="TestCases.ISTrackOnsiteInterventionProcessingAMTestCase" name="checkRFS_RFBInGold" time="139.885"/>
  <testcase classname="TestCases.ISTrackOnsiteInterventionProcessingAMTestCase" name="billingSupervisorISTrack" time="81.855"/>
  <testcase classname="TestCases.ISTrackOnsiteInterventionProcessingAMTestCase" name="checkGoldOrderAcceptanceStatus" time="106.546"/>
</testsuite> <!-- Test11 -->
