<?xml version="1.0" encoding="UTF-8"?>
<!-- Generated by org.testng.reporters.JUnitXMLReporter -->
<testsuite ignored="0" hostname="KhagendraP-LP" failures="4" tests="4" name="Test3" time="627.221" errors="0" timestamp="17 Mar 2021 08:24:11 GMT">
  <testcase classname="TestCases_Production.ISTrackOrderProcessingProductionTestCase" name="newCaseGeneration" time="163.288">
    <failure type="org.openqa.selenium.NoSuchElementException" message="Unable to locate element: //span[contains(text(),&amp;apos;GO&amp;apos;)]
For documentation on this error, please visit: http://seleniumhq.org/exceptions/no_such_element.html
Build info: version: &amp;apos;3.10.0&amp;apos;, revision: &amp;apos;176b4a9&amp;apos;, time: &amp;apos;2018-03-02T19:03:16.397Z&amp;apos;
System info: host: &amp;apos;KHAGENDRAP-LP&amp;apos;, ip: &amp;apos;10.238.167.181&amp;apos;, os.name: &amp;apos;Windows 10&amp;apos;, os.arch: &amp;apos;amd64&amp;apos;, os.version: &amp;apos;10.0&amp;apos;, java.version: &amp;apos;15.0.2&amp;apos;
Driver info: org.openqa.selenium.firefox.FirefoxDriver
Capabilities {acceptInsecureCerts: true, browserName: firefox, browserVersion: 78.8.0, javascriptEnabled: true, moz:accessibilityChecks: false, moz:buildID: 20210217034806, moz:geckodriverVersion: 0.24.0, moz:headless: false, moz:processID: 5092, moz:profile: C:\Users\khagendra.prasad\A..., moz:shutdownTimeout: 60000, moz:useNonSpecCompliantPointerOrigin: false, moz:webdriverClick: true, pageLoadStrategy: normal, platform: WINDOWS, platformName: WINDOWS, platformVersion: 10.0, rotatable: false, setWindowRect: true, strictFileInteractability: false, timeouts: {implicit: 0, pageLoad: 300000, script: 30000}, unhandledPromptBehavior: dismiss and notify}
Session ID: 6cd08299-2607-4e23-af6a-d097f5a76694
*** Element info: {Using=xpath, value=//span[contains(text(),&amp;apos;GO&amp;apos;)]}">
      <![CDATA[org.openqa.selenium.NoSuchElementException: Unable to locate element: //span[contains(text(),'GO')]For documentation on this error, please visit: http://seleniumhq.org/exceptions/no_such_element.htmlBuild info: version: '3.10.0', revision: '176b4a9', time: '2018-03-02T19:03:16.397Z'System info: host: 'KHAGENDRAP-LP', ip: '10.238.167.181', os.name: 'Windows 10', os.arch: 'amd64', os.version: '10.0', java.version: '15.0.2'Driver info: org.openqa.selenium.firefox.FirefoxDriverCapabilities {acceptInsecureCerts: true, browserName: firefox, browserVersion: 78.8.0, javascriptEnabled: true, moz:accessibilityChecks: false, moz:buildID: 20210217034806, moz:geckodriverVersion: 0.24.0, moz:headless: false, moz:processID: 5092, moz:profile: C:\Users\khagendra.prasad\A..., moz:shutdownTimeout: 60000, moz:useNonSpecCompliantPointerOrigin: false, moz:webdriverClick: true, pageLoadStrategy: normal, platform: WINDOWS, platformName: WINDOWS, platformVersion: 10.0, rotatable: false, setWindowRect: true, strictFileInteractability: false, timeouts: {implicit: 0, pageLoad: 300000, script: 30000}, unhandledPromptBehavior: dismiss and notify}Session ID: 6cd08299-2607-4e23-af6a-d097f5a76694*** Element info: {Using=xpath, value=//span[contains(text(),'GO')]}at org.openqa.selenium.remote.http.W3CHttpResponseCodec.createException(W3CHttpResponseCodec.java:187)at org.openqa.selenium.remote.http.W3CHttpResponseCodec.decode(W3CHttpResponseCodec.java:122)at org.openqa.selenium.remote.http.W3CHttpResponseCodec.decode(W3CHttpResponseCodec.java:49)at org.openqa.selenium.remote.HttpCommandExecutor.execute(HttpCommandExecutor.java:160)at org.openqa.selenium.remote.service.DriverCommandExecutor.execute(DriverCommandExecutor.java:83)at org.openqa.selenium.remote.RemoteWebDriver.execute(RemoteWebDriver.java:601)at org.openqa.selenium.remote.RemoteWebDriver.findElement(RemoteWebDriver.java:371)at org.openqa.selenium.remote.RemoteWebDriver.findElementByXPath(RemoteWebDriver.java:473)at org.openqa.selenium.By$ByXPath.findElement(By.java:361)at org.openqa.selenium.remote.RemoteWebDriver.findElement(RemoteWebDriver.java:363)at org.openqa.selenium.support.events.EventFiringWebDriver.lambda$new$1(EventFiringWebDriver.java:103)at com.sun.proxy.$Proxy14.findElement(Unknown Source)at org.openqa.selenium.support.events.EventFiringWebDriver.findElement(EventFiringWebDriver.java:186)at org.openqa.selenium.support.pagefactory.DefaultElementLocator.findElement(DefaultElementLocator.java:69)at org.openqa.selenium.support.pagefactory.internal.LocatingElementHandler.invoke(LocatingElementHandler.java:38)at com.sun.proxy.$Proxy18.getText(Unknown Source)at themis.Pages.CreateCasePage.verifyData(CreateCasePage.java:101)at TestCases_Production.ISTrackOrderProcessingProductionTestCase.newCaseGeneration(ISTrackOrderProcessingProductionTestCase.java:120)... Removed 37 stack frames]]>
    </failure>
  </testcase> <!-- newCaseGeneration -->
  <testcase classname="TestCases_Production.ISTrackOrderProcessingProductionTestCase" name="checkManageStatusInGold" time="99.496">
    <failure type="java.lang.AssertionError" message="expected [Manage] but found [Creation]">
      <![CDATA[java.lang.AssertionError: expected [Manage] but found [Creation]at themis.Pages.GoldOrderStatusCheckPage.statusCheck(GoldOrderStatusCheckPage.java:68)at TestCases_Production.ISTrackOrderProcessingProductionTestCase.checkManageStatusInGold(ISTrackOrderProcessingProductionTestCase.java:171)... Removed 35 stack frames]]>
    </failure>
  </testcase> <!-- checkManageStatusInGold -->
  <testcase classname="TestCases_Production.ISTrackOrderProcessingProductionTestCase" name="taskCompletion" time="347.042">
    <failure type="java.lang.AssertionError" message="expected [Gold#] but found [null]">
      <![CDATA[java.lang.AssertionError: expected [Gold#] but found [null]at themis.Pages.AllWorkPage.compareColumnNames_ProcurementUser(AllWorkPage.java:315)at TestCases_Production.ISTrackOrderProcessingProductionTestCase.taskCompletion(ISTrackOrderProcessingProductionTestCase.java:185)... Removed 35 stack frames]]>
    </failure>
  </testcase> <!-- taskCompletion -->
  <testcase classname="TestCases_Production.ISTrackOrderProcessingProductionTestCase" name="taskCompletion" time="351.166">
    <failure type="org.openqa.selenium.NoSuchWindowException" message="Browsing context has been discarded
Build info: version: &amp;apos;3.10.0&amp;apos;, revision: &amp;apos;176b4a9&amp;apos;, time: &amp;apos;2018-03-02T19:03:16.397Z&amp;apos;
System info: host: &amp;apos;KHAGENDRAP-LP&amp;apos;, ip: &amp;apos;10.238.167.181&amp;apos;, os.name: &amp;apos;Windows 10&amp;apos;, os.arch: &amp;apos;amd64&amp;apos;, os.version: &amp;apos;10.0&amp;apos;, java.version: &amp;apos;15.0.2&amp;apos;
Driver info: org.openqa.selenium.firefox.FirefoxDriver
Capabilities {acceptInsecureCerts: true, browserName: firefox, browserVersion: 78.8.0, javascriptEnabled: true, moz:accessibilityChecks: false, moz:buildID: 20210217034806, moz:geckodriverVersion: 0.24.0, moz:headless: false, moz:processID: 10044, moz:profile: C:\Users\khagendra.prasad\A..., moz:shutdownTimeout: 60000, moz:useNonSpecCompliantPointerOrigin: false, moz:webdriverClick: true, pageLoadStrategy: normal, platform: WINDOWS, platformName: WINDOWS, platformVersion: 10.0, rotatable: false, setWindowRect: true, strictFileInteractability: false, timeouts: {implicit: 0, pageLoad: 300000, script: 30000}, unhandledPromptBehavior: dismiss and notify}
Session ID: 34d04262-bc79-4625-9ad2-e7135e9b1205">
      <![CDATA[org.openqa.selenium.NoSuchWindowException: Browsing context has been discardedBuild info: version: '3.10.0', revision: '176b4a9', time: '2018-03-02T19:03:16.397Z'System info: host: 'KHAGENDRAP-LP', ip: '10.238.167.181', os.name: 'Windows 10', os.arch: 'amd64', os.version: '10.0', java.version: '15.0.2'Driver info: org.openqa.selenium.firefox.FirefoxDriverCapabilities {acceptInsecureCerts: true, browserName: firefox, browserVersion: 78.8.0, javascriptEnabled: true, moz:accessibilityChecks: false, moz:buildID: 20210217034806, moz:geckodriverVersion: 0.24.0, moz:headless: false, moz:processID: 10044, moz:profile: C:\Users\khagendra.prasad\A..., moz:shutdownTimeout: 60000, moz:useNonSpecCompliantPointerOrigin: false, moz:webdriverClick: true, pageLoadStrategy: normal, platform: WINDOWS, platformName: WINDOWS, platformVersion: 10.0, rotatable: false, setWindowRect: true, strictFileInteractability: false, timeouts: {implicit: 0, pageLoad: 300000, script: 30000}, unhandledPromptBehavior: dismiss and notify}Session ID: 34d04262-bc79-4625-9ad2-e7135e9b1205at org.openqa.selenium.remote.http.W3CHttpResponseCodec.createException(W3CHttpResponseCodec.java:187)at org.openqa.selenium.remote.http.W3CHttpResponseCodec.decode(W3CHttpResponseCodec.java:122)at org.openqa.selenium.remote.http.W3CHttpResponseCodec.decode(W3CHttpResponseCodec.java:49)at org.openqa.selenium.remote.HttpCommandExecutor.execute(HttpCommandExecutor.java:160)at org.openqa.selenium.remote.service.DriverCommandExecutor.execute(DriverCommandExecutor.java:83)at org.openqa.selenium.remote.RemoteWebDriver.execute(RemoteWebDriver.java:601)at org.openqa.selenium.remote.RemoteWebDriver.execute(RemoteWebDriver.java:658)at org.openqa.selenium.remote.RemoteWebDriver.getScreenshotAs(RemoteWebDriver.java:343)at org.openqa.selenium.support.events.EventFiringWebDriver.lambda$new$1(EventFiringWebDriver.java:103)at com.sun.proxy.$Proxy14.getScreenshotAs(Unknown Source)at org.openqa.selenium.support.events.EventFiringWebDriver.getScreenshotAs(EventFiringWebDriver.java:285)at themis.Report.TestListener.onTestFailure(TestListener.java:74)... Removed 35 stack frames]]>
    </failure>
  </testcase> <!-- taskCompletion -->
</testsuite> <!-- Test3 -->
